  RayTracer.cpp
d:\work\graphics programming\ray tracer\raytracer\raytracer\vec3.h(85): warning C4244: 'initializing': conversion from 'double' to 'float', possible loss of data
d:\work\graphics programming\ray tracer\raytracer\raytracer\vec3.h(193): warning C4244: 'initializing': conversion from 'double' to 'float', possible loss of data
d:\work\graphics programming\ray tracer\raytracer\raytracer\hitable_list.h(26): warning C4244: 'argument': conversion from 'double' to 'float', possible loss of data
d:\work\graphics programming\ray tracer\raytracer\raytracer\camera.h(36): warning C4244: 'initializing': conversion from 'double' to 'float', possible loss of data
d:\work\graphics programming\ray tracer\raytracer\raytracer\material.h(22): warning C4244: 'initializing': conversion from 'double' to 'float', possible loss of data
d:\work\graphics programming\ray tracer\raytracer\raytracer\material.h(125): warning C4244: '=': conversion from 'double' to 'float', possible loss of data
d:\work\graphics programming\ray tracer\raytracer\raytracer\raytracer.cpp(22): warning C4305: 'argument': truncation from 'double' to 'float'
d:\work\graphics programming\ray tracer\raytracer\raytracer\raytracer.cpp(38): warning C4244: 'initializing': conversion from 'double' to 'float', possible loss of data
d:\work\graphics programming\ray tracer\raytracer\raytracer\raytracer.cpp(39): warning C4244: 'argument': conversion from 'double' to 'float', possible loss of data
d:\work\graphics programming\ray tracer\raytracer\raytracer\raytracer.cpp(39): warning C4305: 'argument': truncation from 'double' to 'float'
d:\work\graphics programming\ray tracer\raytracer\raytracer\raytracer.cpp(55): warning C4244: 'argument': conversion from 'double' to 'float', possible loss of data
d:\work\graphics programming\ray tracer\raytracer\raytracer\raytracer.cpp(55): warning C4305: 'argument': truncation from 'double' to 'float'
d:\work\graphics programming\ray tracer\raytracer\raytracer\raytracer.cpp(57): warning C4305: 'argument': truncation from 'double' to 'float'
d:\work\graphics programming\ray tracer\raytracer\raytracer\raytracer.cpp(66): warning C4305: 'argument': truncation from 'double' to 'float'
d:\work\graphics programming\ray tracer\raytracer\raytracer\raytracer.cpp(74): warning C4244: 'argument': conversion from 'double' to 'float', possible loss of data
d:\work\graphics programming\ray tracer\raytracer\raytracer\raytracer.cpp(73): warning C4244: 'argument': conversion from 'double' to 'float', possible loss of data
d:\work\graphics programming\ray tracer\raytracer\raytracer\raytracer.cpp(72): warning C4244: 'argument': conversion from 'double' to 'float', possible loss of data
d:\work\graphics programming\ray tracer\raytracer\raytracer\raytracer.cpp(74): warning C4305: 'argument': truncation from 'double' to 'float'
d:\work\graphics programming\ray tracer\raytracer\raytracer\raytracer.cpp(78): warning C4305: 'argument': truncation from 'double' to 'float'
d:\work\graphics programming\ray tracer\raytracer\raytracer\raytracer.cpp(85): warning C4305: 'argument': truncation from 'double' to 'float'
d:\work\graphics programming\ray tracer\raytracer\raytracer\raytracer.cpp(86): warning C4305: 'argument': truncation from 'double' to 'float'
d:\work\graphics programming\ray tracer\raytracer\raytracer\raytracer.cpp(102): warning C4305: 'argument': truncation from 'double' to 'float'
d:\work\graphics programming\ray tracer\raytracer\raytracer\raytracer.cpp(103): warning C4305: 'argument': truncation from 'double' to 'float'
d:\work\graphics programming\ray tracer\raytracer\raytracer\raytracer.cpp(104): warning C4305: 'argument': truncation from 'double' to 'float'
d:\work\graphics programming\ray tracer\raytracer\raytracer\raytracer.cpp(106): warning C4305: 'argument': truncation from 'double' to 'float'
d:\work\graphics programming\ray tracer\raytracer\raytracer\raytracer.cpp(120): warning C4305: 'initializing': truncation from 'double' to 'float'
  RayTracer.vcxproj -> D:\Work\Graphics Programming\Ray Tracer\RayTracer\x64\Debug\RayTracer.exe
